<?xml version="1.0" encoding="UTF-8"?>
<!-- Generated by org.testng.reporters.JUnitXMLReporter -->
<testsuite ignored="0" hostname="LAPTOP-SGA5HP6D" failures="0" tests="5" name="Default test" time="70.597" errors="0" timestamp="2021-06-10T21:37:15 CEST">
  <testcase classname="tests.LogInTests" name="logInValidCredentials" time="5.338"/>
  <testcase classname="tests.LogInTests" name="logInInvalidEmailCredentials" time="4.338"/>
  <testcase classname="tests.LogInTests" name="logInInvalidPasswordCredentials" time="4.64"/>
  <testcase classname="tests.LogInTests" name="logInEmptyCredentials" time="4.579"/>
  <testcase classname="tests.LogInTests" name="logOut" time="14.262"/>
</testsuite> <!-- Default test -->
