<?xml version="1.0" encoding="UTF-8"?>
<testng-results ignored="0" total="5" passed="5" failed="0" skipped="0">
  <reporter-output>
  </reporter-output>
  <suite started-at="2021-06-10T21:36:04 CEST" name="Default suite" finished-at="2021-06-10T21:37:15 CEST" duration-ms="70597">
    <groups>
    </groups>
    <test started-at="2021-06-10T21:36:04 CEST" name="Default test" finished-at="2021-06-10T21:37:15 CEST" duration-ms="70597">
      <class name="tests.LogInTests">
        <test-method is-config="true" signature="beforeTests()[pri:0, instance:tests.LogInTests@13e39c73]" started-at="2021-06-10T21:36:04 CEST" name="beforeTests" finished-at="2021-06-10T21:36:09 CEST" duration-ms="4378" status="PASS">
          <reporter-output>
          </reporter-output>
        </test-method> <!-- beforeTests -->
        <test-method is-config="true" signature="beforeTest()[pri:0, instance:tests.LogInTests@13e39c73]" started-at="2021-06-10T21:36:09 CEST" name="beforeTest" finished-at="2021-06-10T21:36:14 CEST" duration-ms="4951" status="PASS">
          <reporter-output>
          </reporter-output>
        </test-method> <!-- beforeTest -->
        <test-method signature="logInValidCredentials()[pri:0, instance:tests.LogInTests@13e39c73]" started-at="2021-06-10T21:36:14 CEST" name="logInValidCredentials" finished-at="2021-06-10T21:36:19 CEST" duration-ms="5338" status="PASS">
          <reporter-output>
          </reporter-output>
        </test-method> <!-- logInValidCredentials -->
        <test-method is-config="true" signature="afterTest()[pri:0, instance:tests.LogInTests@13e39c73]" started-at="2021-06-10T21:36:19 CEST" name="afterTest" finished-at="2021-06-10T21:36:20 CEST" duration-ms="1239" status="PASS">
          <reporter-output>
          </reporter-output>
        </test-method> <!-- afterTest -->
        <test-method is-config="true" signature="beforeTest()[pri:0, instance:tests.LogInTests@13e39c73]" started-at="2021-06-10T21:36:20 CEST" name="beforeTest" finished-at="2021-06-10T21:36:22 CEST" duration-ms="1412" status="PASS">
          <reporter-output>
          </reporter-output>
        </test-method> <!-- beforeTest -->
        <test-method signature="logInInvalidEmailCredentials()[pri:1, instance:tests.LogInTests@13e39c73]" started-at="2021-06-10T21:36:22 CEST" name="logInInvalidEmailCredentials" finished-at="2021-06-10T21:36:26 CEST" duration-ms="4338" status="PASS">
          <reporter-output>
          </reporter-output>
        </test-method> <!-- logInInvalidEmailCredentials -->
        <test-method is-config="true" signature="afterTest()[pri:0, instance:tests.LogInTests@13e39c73]" started-at="2021-06-10T21:36:26 CEST" name="afterTest" finished-at="2021-06-10T21:36:29 CEST" duration-ms="2765" status="PASS">
          <reporter-output>
          </reporter-output>
        </test-method> <!-- afterTest -->
        <test-method is-config="true" signature="beforeTest()[pri:0, instance:tests.LogInTests@13e39c73]" started-at="2021-06-10T21:36:29 CEST" name="beforeTest" finished-at="2021-06-10T21:36:31 CEST" duration-ms="2197" status="PASS">
          <reporter-output>
          </reporter-output>
        </test-method> <!-- beforeTest -->
        <test-method signature="logInInvalidPasswordCredentials()[pri:2, instance:tests.LogInTests@13e39c73]" started-at="2021-06-10T21:36:31 CEST" name="logInInvalidPasswordCredentials" finished-at="2021-06-10T21:36:36 CEST" duration-ms="4640" status="PASS">
          <reporter-output>
          </reporter-output>
        </test-method> <!-- logInInvalidPasswordCredentials -->
        <test-method is-config="true" signature="afterTest()[pri:0, instance:tests.LogInTests@13e39c73]" started-at="2021-06-10T21:36:36 CEST" name="afterTest" finished-at="2021-06-10T21:36:39 CEST" duration-ms="3511" status="PASS">
          <reporter-output>
          </reporter-output>
        </test-method> <!-- afterTest -->
        <test-method is-config="true" signature="beforeTest()[pri:0, instance:tests.LogInTests@13e39c73]" started-at="2021-06-10T21:36:39 CEST" name="beforeTest" finished-at="2021-06-10T21:36:44 CEST" duration-ms="4626" status="PASS">
          <reporter-output>
          </reporter-output>
        </test-method> <!-- beforeTest -->
        <test-method signature="logInEmptyCredentials()[pri:3, instance:tests.LogInTests@13e39c73]" started-at="2021-06-10T21:36:44 CEST" name="logInEmptyCredentials" finished-at="2021-06-10T21:36:48 CEST" duration-ms="4579" status="PASS">
          <reporter-output>
          </reporter-output>
        </test-method> <!-- logInEmptyCredentials -->
        <test-method is-config="true" signature="afterTest()[pri:0, instance:tests.LogInTests@13e39c73]" started-at="2021-06-10T21:36:48 CEST" name="afterTest" finished-at="2021-06-10T21:36:51 CEST" duration-ms="2982" status="PASS">
          <reporter-output>
          </reporter-output>
        </test-method> <!-- afterTest -->
        <test-method is-config="true" signature="beforeTest()[pri:0, instance:tests.LogInTests@13e39c73]" started-at="2021-06-10T21:36:51 CEST" name="beforeTest" finished-at="2021-06-10T21:36:55 CEST" duration-ms="3378" status="PASS">
          <reporter-output>
          </reporter-output>
        </test-method> <!-- beforeTest -->
        <test-method signature="logOut()[pri:4, instance:tests.LogInTests@13e39c73]" started-at="2021-06-10T21:36:55 CEST" name="logOut" finished-at="2021-06-10T21:37:09 CEST" duration-ms="14262" status="PASS">
          <reporter-output>
          </reporter-output>
        </test-method> <!-- logOut -->
        <test-method is-config="true" signature="afterTest()[pri:0, instance:tests.LogInTests@13e39c73]" started-at="2021-06-10T21:37:09 CEST" name="afterTest" finished-at="2021-06-10T21:37:14 CEST" duration-ms="5529" status="PASS">
          <reporter-output>
          </reporter-output>
        </test-method> <!-- afterTest -->
        <test-method is-config="true" signature="afterTests()[pri:0, instance:tests.LogInTests@13e39c73]" started-at="2021-06-10T21:37:14 CEST" name="afterTests" finished-at="2021-06-10T21:37:15 CEST" duration-ms="401" status="PASS">
          <reporter-output>
          </reporter-output>
        </test-method> <!-- afterTests -->
      </class> <!-- tests.LogInTests -->
    </test> <!-- Default test -->
  </suite> <!-- Default suite -->
</testng-results>
