<?xml version="1.0" encoding="UTF-8"?>
<testng-results ignored="0" total="1" passed="1" failed="0" skipped="0">
  <reporter-output>
  </reporter-output>
  <suite started-at="2021-06-13T19:38:44 CEST" name="Default suite" finished-at="2021-06-13T19:39:37 CEST" duration-ms="52635">
    <groups>
    </groups>
    <test started-at="2021-06-13T19:38:44 CEST" name="Default test" finished-at="2021-06-13T19:39:37 CEST" duration-ms="52635">
      <class name="tests.Wishlist">
        <test-method is-config="true" signature="beforeTests()[pri:0, instance:tests.Wishlist@2667f029]" started-at="2021-06-13T19:38:44 CEST" name="beforeTests" finished-at="2021-06-13T19:38:49 CEST" duration-ms="4333" status="PASS">
          <reporter-output>
          </reporter-output>
        </test-method> <!-- beforeTests -->
        <test-method is-config="true" signature="beforeTest()[pri:0, instance:tests.Wishlist@2667f029]" started-at="2021-06-13T19:38:49 CEST" name="beforeTest" finished-at="2021-06-13T19:38:59 CEST" duration-ms="10579" status="PASS">
          <reporter-output>
          </reporter-output>
        </test-method> <!-- beforeTest -->
        <test-method signature="deleteWishlist()[pri:1, instance:tests.Wishlist@2667f029]" started-at="2021-06-13T19:38:59 CEST" name="deleteWishlist" finished-at="2021-06-13T19:39:35 CEST" duration-ms="35500" status="PASS">
          <reporter-output>
          </reporter-output>
        </test-method> <!-- deleteWishlist -->
        <test-method is-config="true" signature="afterTest()[pri:0, instance:tests.Wishlist@2667f029]" started-at="2021-06-13T19:39:35 CEST" name="afterTest" finished-at="2021-06-13T19:39:37 CEST" duration-ms="2023" status="PASS">
          <reporter-output>
          </reporter-output>
        </test-method> <!-- afterTest -->
        <test-method is-config="true" signature="afterTests()[pri:0, instance:tests.Wishlist@2667f029]" started-at="2021-06-13T19:39:37 CEST" name="afterTests" finished-at="2021-06-13T19:39:37 CEST" duration-ms="121" status="PASS">
          <reporter-output>
          </reporter-output>
        </test-method> <!-- afterTests -->
      </class> <!-- tests.Wishlist -->
    </test> <!-- Default test -->
  </suite> <!-- Default suite -->
</testng-results>
